This file contains any messages produced by compilers while
running configure, to aid debugging if configure makes a mistake.

It was created by libusb-1.0 configure 1.0.27, which was
generated by GNU Autoconf 2.71.  Invocation command line was

  $ ./configure --build=x86_64-linux build_alias=x86_64-linux --no-create --no-recursion

## --------- ##
## Platform. ##
## --------- ##

hostname = alray-RedmiBook-Pro-14S
uname -m = x86_64
uname -r = 6.5.0-41-generic
uname -s = Linux
uname -v = #41~22.04.2-Ubuntu SMP PREEMPT_DYNAMIC Mon Jun  3 11:32:55 UTC 2

/usr/bin/uname -p = x86_64
/bin/uname -X     = unknown

/bin/arch              = x86_64
/usr/bin/arch -k       = unknown
/usr/convex/getsysinfo = unknown
/usr/bin/hostinfo      = unknown
/bin/machine           = unknown
/usr/bin/oslevel       = unknown
/bin/universe          = unknown

PATH: /vscode/vscode-server/bin/linux-x64/5437499feb04f7a586f677b155b039bc2b3669eb/bin/remote-cli/
PATH: /usr/local/sbin/
PATH: /usr/local/bin/
PATH: /usr/sbin/
PATH: /usr/bin/
PATH: /sbin/
PATH: /bin/


## ----------- ##
## Core tests. ##
## ----------- ##

configure:2880: looking for aux files: config.guess config.sub ltmain.sh missing install-sh compile
configure:2893:  trying ./
configure:2922:   ./config.guess found
configure:2922:   ./config.sub found
configure:2922:   ./ltmain.sh found
configure:2922:   ./missing found
configure:2904:   ./install-sh found
configure:2922:   ./compile found
configure:3099: checking for gcc
configure:3120: found /usr/bin/gcc
configure:3131: result: gcc
configure:3484: checking for C compiler version
configure:3493: gcc --version >&5
gcc (Ubuntu 11.4.0-1ubuntu1~22.04) 11.4.0
Copyright (C) 2021 Free Software Foundation, Inc.
This is free software; see the source for copying conditions.  There is NO
warranty; not even for MERCHANTABILITY or FITNESS FOR A PARTICULAR PURPOSE.

configure:3504: $? = 0
configure:3493: gcc -v >&5
Using built-in specs.
COLLECT_GCC=gcc
COLLECT_LTO_WRAPPER=/usr/lib/gcc/x86_64-linux-gnu/11/lto-wrapper
OFFLOAD_TARGET_NAMES=nvptx-none:amdgcn-amdhsa
OFFLOAD_TARGET_DEFAULT=1
Target: x86_64-linux-gnu
Configured with: ../src/configure -v --with-pkgversion='Ubuntu 11.4.0-1ubuntu1~22.04' --with-bugurl=file:///usr/share/doc/gcc-11/README.Bugs --enable-languages=c,ada,c++,go,brig,d,fortran,objc,obj-c++,m2 --prefix=/usr --with-gcc-major-version-only --program-suffix=-11 --program-prefix=x86_64-linux-gnu- --enable-shared --enable-linker-build-id --libexecdir=/usr/lib --without-included-gettext --enable-threads=posix --libdir=/usr/lib --enable-nls --enable-bootstrap --enable-clocale=gnu --enable-libstdcxx-debug --enable-libstdcxx-time=yes --with-default-libstdcxx-abi=new --enable-gnu-unique-object --disable-vtable-verify --enable-plugin --enable-default-pie --with-system-zlib --enable-libphobos-checking=release --with-target-system-zlib=auto --enable-objc-gc=auto --enable-multiarch --disable-werror --enable-cet --with-arch-32=i686 --with-abi=m64 --with-multilib-list=m32,m64,mx32 --enable-multilib --with-tune=generic --enable-offload-targets=nvptx-none=/build/gcc-11-XeT9lY/gcc-11-11.4.0/debian/tmp-nvptx/usr,amdgcn-amdhsa=/build/gcc-11-XeT9lY/gcc-11-11.4.0/debian/tmp-gcn/usr --without-cuda-driver --enable-checking=release --build=x86_64-linux-gnu --host=x86_64-linux-gnu --target=x86_64-linux-gnu --with-build-config=bootstrap-lto-lean --enable-link-serialization=2
Thread model: posix
Supported LTO compression algorithms: zlib zstd
gcc version 11.4.0 (Ubuntu 11.4.0-1ubuntu1~22.04) 
... rest of stderr output deleted ...
configure:3504: $? = 0
configure:3493: gcc -V >&5
gcc: error: unrecognized command-line option '-V'
gcc: fatal error: no input files
compilation terminated.
configure:3504: $? = 1
configure:3493: gcc -qversion >&5
gcc: error: unrecognized command-line option '-qversion'; did you mean '--version'?
gcc: fatal error: no input files
compilation terminated.
configure:3504: $? = 1
configure:3493: gcc -version >&5
gcc: error: unrecognized command-line option '-version'
gcc: fatal error: no input files
compilation terminated.
configure:3504: $? = 1
configure:3524: checking whether the C compiler works
configure:3546: gcc    conftest.c  >&5
configure:3550: $? = 0
configure:3600: result: yes
configure:3603: checking for C compiler default output file name
configure:3605: result: a.out
configure:3611: checking for suffix of executables
configure:3618: gcc -o conftest    conftest.c  >&5
configure:3622: $? = 0
configure:3645: result: 
configure:3667: checking whether we are cross compiling
configure:3675: gcc -o conftest    conftest.c  >&5
configure:3679: $? = 0
configure:3686: ./conftest
configure:3690: $? = 0
configure:3705: result: no
configure:3710: checking for suffix of object files
configure:3733: gcc -c   conftest.c >&5
configure:3737: $? = 0
configure:3759: result: o
configure:3763: checking whether the compiler supports GNU C
configure:3783: gcc -c   conftest.c >&5
configure:3783: $? = 0
configure:3793: result: yes
configure:3804: checking whether gcc accepts -g
configure:3825: gcc -c -g  conftest.c >&5
configure:3825: $? = 0
configure:3869: result: yes
configure:3889: checking for gcc option to enable C11 features
configure:3904: gcc  -c -g -O2  conftest.c >&5
configure:3904: $? = 0
configure:3922: result: none needed
configure:4043: checking whether gcc understands -c and -o together
configure:4066: gcc -c conftest.c -o conftest2.o
configure:4069: $? = 0
configure:4066: gcc -c conftest.c -o conftest2.o
configure:4069: $? = 0
configure:4081: result: yes
configure:4167: checking for g++
configure:4188: found /usr/bin/g++
configure:4199: result: g++
configure:4226: checking for C++ compiler version
configure:4235: g++ --version >&5
g++ (Ubuntu 11.4.0-1ubuntu1~22.04) 11.4.0
Copyright (C) 2021 Free Software Foundation, Inc.
This is free software; see the source for copying conditions.  There is NO
warranty; not even for MERCHANTABILITY or FITNESS FOR A PARTICULAR PURPOSE.

configure:4246: $? = 0
configure:4235: g++ -v >&5
Using built-in specs.
COLLECT_GCC=g++
COLLECT_LTO_WRAPPER=/usr/lib/gcc/x86_64-linux-gnu/11/lto-wrapper
OFFLOAD_TARGET_NAMES=nvptx-none:amdgcn-amdhsa
OFFLOAD_TARGET_DEFAULT=1
Target: x86_64-linux-gnu
Configured with: ../src/configure -v --with-pkgversion='Ubuntu 11.4.0-1ubuntu1~22.04' --with-bugurl=file:///usr/share/doc/gcc-11/README.Bugs --enable-languages=c,ada,c++,go,brig,d,fortran,objc,obj-c++,m2 --prefix=/usr --with-gcc-major-version-only --program-suffix=-11 --program-prefix=x86_64-linux-gnu- --enable-shared --enable-linker-build-id --libexecdir=/usr/lib --without-included-gettext --enable-threads=posix --libdir=/usr/lib --enable-nls --enable-bootstrap --enable-clocale=gnu --enable-libstdcxx-debug --enable-libstdcxx-time=yes --with-default-libstdcxx-abi=new --enable-gnu-unique-object --disable-vtable-verify --enable-plugin --enable-default-pie --with-system-zlib --enable-libphobos-checking=release --with-target-system-zlib=auto --enable-objc-gc=auto --enable-multiarch --disable-werror --enable-cet --with-arch-32=i686 --with-abi=m64 --with-multilib-list=m32,m64,mx32 --enable-multilib --with-tune=generic --enable-offload-targets=nvptx-none=/build/gcc-11-XeT9lY/gcc-11-11.4.0/debian/tmp-nvptx/usr,amdgcn-amdhsa=/build/gcc-11-XeT9lY/gcc-11-11.4.0/debian/tmp-gcn/usr --without-cuda-driver --enable-checking=release --build=x86_64-linux-gnu --host=x86_64-linux-gnu --target=x86_64-linux-gnu --with-build-config=bootstrap-lto-lean --enable-link-serialization=2
Thread model: posix
Supported LTO compression algorithms: zlib zstd
gcc version 11.4.0 (Ubuntu 11.4.0-1ubuntu1~22.04) 
... rest of stderr output deleted ...
configure:4246: $? = 0
configure:4235: g++ -V >&5
g++: error: unrecognized command-line option '-V'
g++: fatal error: no input files
compilation terminated.
configure:4246: $? = 1
configure:4235: g++ -qversion >&5
g++: error: unrecognized command-line option '-qversion'; did you mean '--version'?
g++: fatal error: no input files
compilation terminated.
configure:4246: $? = 1
configure:4250: checking whether the compiler supports GNU C++
configure:4270: g++ -c   conftest.cpp >&5
configure:4270: $? = 0
configure:4280: result: yes
configure:4291: checking whether g++ accepts -g
configure:4312: g++ -c -g  conftest.cpp >&5
configure:4312: $? = 0
configure:4356: result: yes
configure:4376: checking for g++ option to enable C++11 features
configure:4391: g++  -c -g -O2  conftest.cpp >&5
conftest.cpp: In function 'int main(int, char**)':
conftest.cpp:175:25: warning: empty parentheses were disambiguated as a function declaration [-Wvexing-parse]
  175 |   cxx11test::delegate d2();
      |                         ^~
conftest.cpp:175:25: note: remove parentheses to default-initialize a variable
  175 |   cxx11test::delegate d2();
      |                         ^~
      |                         --
conftest.cpp:175:25: note: or replace parentheses with braces to value-initialize a variable
configure:4391: $? = 0
configure:4409: result: none needed
configure:4474: checking for inline
configure:4491: gcc -c -g -O2  conftest.c >&5
configure:4491: $? = 0
configure:4500: result: inline
configure:4535: checking for a BSD-compatible install
configure:4608: result: /usr/bin/install -c
configure:4619: checking whether build environment is sane
configure:4674: result: yes
configure:4829: checking for a race-free mkdir -p
configure:4873: result: /usr/bin/mkdir -p
configure:4880: checking for gawk
configure:4915: result: no
configure:4880: checking for mawk
configure:4901: found /usr/bin/mawk
configure:4912: result: mawk
configure:4923: checking whether make sets $(MAKE)
configure:4946: result: yes
configure:4968: checking whether make supports the include directive
configure:4983: make -f confmf.GNU && cat confinc.out
make[1]: Entering directory '/workspaces/AllianceForwardingDevice_Master/libusb-1.0.27'
make[1]: Leaving directory '/workspaces/AllianceForwardingDevice_Master/libusb-1.0.27'
this is the am__doit target
configure:4986: $? = 0
configure:5005: result: yes (GNU style)
configure:5040: checking whether make supports nested variables
configure:5058: result: yes
configure:5139: checking dependency style of gcc
configure:5251: result: gcc3
configure:5268: checking dependency style of g++
configure:5380: result: gcc3
configure:5484: checking build system type
configure:5499: result: x86_64-pc-linux-gnu
configure:5519: checking host system type
configure:5533: result: x86_64-pc-linux-gnu
configure:5574: checking how to print strings
configure:5601: result: printf
configure:5622: checking for a sed that does not truncate output
configure:5692: result: /usr/bin/sed
configure:5710: checking for grep that handles long lines and -e
configure:5774: result: /usr/bin/grep
configure:5779: checking for egrep
configure:5847: result: /usr/bin/grep -E
configure:5852: checking for fgrep
configure:5920: result: /usr/bin/grep -F
configure:5956: checking for ld used by gcc
configure:6024: result: /usr/bin/ld
configure:6031: checking if the linker (/usr/bin/ld) is GNU ld
configure:6047: result: yes
configure:6059: checking for BSD- or MS-compatible name lister (nm)
configure:6114: result: /usr/bin/nm -B
configure:6254: checking the name lister (/usr/bin/nm -B) interface
configure:6262: gcc -c -g -O2  conftest.c >&5
configure:6265: /usr/bin/nm -B "conftest.o"
configure:6268: output
0000000000000000 B some_variable
configure:6275: result: BSD nm
configure:6278: checking whether ln -s works
configure:6282: result: yes
configure:6290: checking the maximum length of command line arguments
configure:6422: result: 1572864
configure:6470: checking how to convert x86_64-pc-linux-gnu file names to x86_64-pc-linux-gnu format
configure:6511: result: func_convert_file_noop
configure:6518: checking how to convert x86_64-pc-linux-gnu file names to toolchain format
configure:6539: result: func_convert_file_noop
configure:6546: checking for /usr/bin/ld option to reload object files
configure:6554: result: -r
configure:6633: checking for file
configure:6668: result: no
configure:6741: checking for objdump
configure:6762: found /usr/bin/objdump
configure:6773: result: objdump
configure:6805: checking how to recognize dependent libraries
configure:7006: result: pass_all
configure:7096: checking for dlltool
configure:7131: result: no
configure:7161: checking how to associate runtime and link libraries
configure:7189: result: printf %s\n
configure:7254: checking for ar
configure:7275: found /usr/bin/ar
configure:7286: result: ar
configure:7339: checking for archiver @FILE support
configure:7357: gcc -c -g -O2  conftest.c >&5
configure:7357: $? = 0
configure:7361: ar cr libconftest.a @conftest.lst >&5
configure:7364: $? = 0
configure:7369: ar cr libconftest.a @conftest.lst >&5
ar: conftest.o: No such file or directory
configure:7372: $? = 1
configure:7384: result: @
configure:7447: checking for strip
configure:7468: found /usr/bin/strip
configure:7479: result: strip
configure:7556: checking for ranlib
configure:7577: found /usr/bin/ranlib
configure:7588: result: ranlib
configure:7690: checking command to parse /usr/bin/nm -B output from gcc object
configure:7844: gcc -c -g -O2  conftest.c >&5
configure:7847: $? = 0
configure:7851: /usr/bin/nm -B conftest.o | /usr/bin/sed -n -e 's/^.*[	 ]\([ABCDGIRSTW][ABCDGIRSTW]*\)[	 ][	 ]*\([_A-Za-z][_A-Za-z0-9]*\)$/\1 \2 \2/p' | /usr/bin/sed '/ __gnu_lto/d' > conftest.nm
configure:7917: gcc -o conftest -g -O2   conftest.c conftstm.o >&5
configure:7920: $? = 0
configure:7958: result: ok
configure:8005: checking for sysroot
configure:8036: result: no
configure:8043: checking for a working dd
configure:8087: result: /usr/bin/dd
configure:8091: checking how to truncate binary pipes
configure:8107: result: /usr/bin/dd bs=4096 count=1
configure:8244: gcc -c -g -O2  conftest.c >&5
configure:8247: $? = 0
configure:8444: checking for mt
configure:8479: result: no
configure:8499: checking if : is a manifest tool
configure:8506: : '-?'
configure:8514: result: no
configure:9239: checking for stdio.h
configure:9239: gcc -c -g -O2  conftest.c >&5
configure:9239: $? = 0
configure:9239: result: yes
configure:9239: checking for stdlib.h
configure:9239: gcc -c -g -O2  conftest.c >&5
configure:9239: $? = 0
configure:9239: result: yes
configure:9239: checking for string.h
configure:9239: gcc -c -g -O2  conftest.c >&5
configure:9239: $? = 0
configure:9239: result: yes
configure:9239: checking for inttypes.h
configure:9239: gcc -c -g -O2  conftest.c >&5
configure:9239: $? = 0
configure:9239: result: yes
configure:9239: checking for stdint.h
configure:9239: gcc -c -g -O2  conftest.c >&5
configure:9239: $? = 0
configure:9239: result: yes
configure:9239: checking for strings.h
configure:9239: gcc -c -g -O2  conftest.c >&5
configure:9239: $? = 0
configure:9239: result: yes
configure:9239: checking for sys/stat.h
configure:9239: gcc -c -g -O2  conftest.c >&5
configure:9239: $? = 0
configure:9239: result: yes
configure:9239: checking for sys/types.h
configure:9239: gcc -c -g -O2  conftest.c >&5
configure:9239: $? = 0
configure:9239: result: yes
configure:9239: checking for unistd.h
configure:9239: gcc -c -g -O2  conftest.c >&5
configure:9239: $? = 0
configure:9239: result: yes
configure:9264: checking for dlfcn.h
configure:9264: gcc -c -g -O2  conftest.c >&5
configure:9264: $? = 0
configure:9264: result: yes
configure:9534: checking for objdir
configure:9550: result: .libs
configure:9814: checking if gcc supports -fno-rtti -fno-exceptions
configure:9833: gcc -c -g -O2  -fno-rtti -fno-exceptions conftest.c >&5
cc1: warning: command-line option '-fno-rtti' is valid for C++/D/ObjC++ but not for C
configure:9837: $? = 0
configure:9850: result: no
configure:10214: checking for gcc option to produce PIC
configure:10222: result: -fPIC -DPIC
configure:10230: checking if gcc PIC flag -fPIC -DPIC works
configure:10249: gcc -c -g -O2  -fPIC -DPIC -DPIC conftest.c >&5
configure:10253: $? = 0
configure:10266: result: yes
configure:10295: checking if gcc static flag -static works
configure:10324: result: yes
configure:10339: checking if gcc supports -c -o file.o
configure:10361: gcc -c -g -O2  -o out/conftest2.o conftest.c >&5
configure:10365: $? = 0
configure:10387: result: yes
configure:10395: checking if gcc supports -c -o file.o
configure:10443: result: yes
configure:10476: checking whether the gcc linker (/usr/bin/ld) supports shared libraries
configure:11750: result: yes
configure:11787: checking whether -lc should be explicitly linked in
configure:11796: gcc -c -g -O2  conftest.c >&5
configure:11799: $? = 0
configure:11814: gcc -shared  -fPIC -DPIC conftest.o  -v -Wl,-soname -Wl,conftest -o conftest 2\>\&1 \| /usr/bin/grep  -lc  \>/dev/null 2\>\&1
configure:11817: $? = 0
configure:11831: result: no
configure:11991: checking dynamic linker characteristics
configure:12573: gcc -o conftest -g -O2   -Wl,-rpath -Wl,/foo conftest.c  >&5
configure:12573: $? = 0
configure:12824: result: GNU/Linux ld.so
configure:12946: checking how to hardcode library paths into programs
configure:12971: result: immediate
configure:13523: checking whether stripping libraries is possible
configure:13532: result: yes
configure:13574: checking if libtool supports shared libraries
configure:13576: result: yes
configure:13579: checking whether to build shared libraries
configure:13604: result: yes
configure:13607: checking whether to build static libraries
configure:13611: result: yes
configure:13634: checking how to run the C++ preprocessor
configure:13656: g++ -E  conftest.cpp
configure:13656: $? = 0
configure:13671: g++ -E  conftest.cpp
conftest.cpp:23:10: fatal error: ac_nonexistent.h: No such file or directory
   23 | #include <ac_nonexistent.h>
      |          ^~~~~~~~~~~~~~~~~~
compilation terminated.
configure:13671: $? = 1
configure: failed program was:
| /* confdefs.h */
| #define PACKAGE_NAME "libusb-1.0"
| #define PACKAGE_TARNAME "libusb-1.0"
| #define PACKAGE_VERSION "1.0.27"
| #define PACKAGE_STRING "libusb-1.0 1.0.27"
| #define PACKAGE_BUGREPORT "libusb-devel@lists.sourceforge.net"
| #define PACKAGE_URL "https://libusb.info"
| #define PACKAGE "libusb-1.0"
| #define VERSION "1.0.27"
| #define HAVE_STDIO_H 1
| #define HAVE_STDLIB_H 1
| #define HAVE_STRING_H 1
| #define HAVE_INTTYPES_H 1
| #define HAVE_STDINT_H 1
| #define HAVE_STRINGS_H 1
| #define HAVE_SYS_STAT_H 1
| #define HAVE_SYS_TYPES_H 1
| #define HAVE_UNISTD_H 1
| #define STDC_HEADERS 1
| #define HAVE_DLFCN_H 1
| #define LT_OBJDIR ".libs/"
| /* end confdefs.h.  */
| #include <ac_nonexistent.h>
configure:13698: result: g++ -E
configure:13712: g++ -E  conftest.cpp
configure:13712: $? = 0
configure:13727: g++ -E  conftest.cpp
conftest.cpp:23:10: fatal error: ac_nonexistent.h: No such file or directory
   23 | #include <ac_nonexistent.h>
      |          ^~~~~~~~~~~~~~~~~~
compilation terminated.
configure:13727: $? = 1
configure: failed program was:
| /* confdefs.h */
| #define PACKAGE_NAME "libusb-1.0"
| #define PACKAGE_TARNAME "libusb-1.0"
| #define PACKAGE_VERSION "1.0.27"
| #define PACKAGE_STRING "libusb-1.0 1.0.27"
| #define PACKAGE_BUGREPORT "libusb-devel@lists.sourceforge.net"
| #define PACKAGE_URL "https://libusb.info"
| #define PACKAGE "libusb-1.0"
| #define VERSION "1.0.27"
| #define HAVE_STDIO_H 1
| #define HAVE_STDLIB_H 1
| #define HAVE_STRING_H 1
| #define HAVE_INTTYPES_H 1
| #define HAVE_STDINT_H 1
| #define HAVE_STRINGS_H 1
| #define HAVE_SYS_STAT_H 1
| #define HAVE_SYS_TYPES_H 1
| #define HAVE_UNISTD_H 1
| #define STDC_HEADERS 1
| #define HAVE_DLFCN_H 1
| #define LT_OBJDIR ".libs/"
| /* end confdefs.h.  */
| #include <ac_nonexistent.h>
configure:13892: checking for ld used by g++
configure:13960: result: /usr/bin/ld
configure:13967: checking if the linker (/usr/bin/ld) is GNU ld
configure:13983: result: yes
configure:14038: checking whether the g++ linker (/usr/bin/ld) supports shared libraries
configure:15116: result: yes
configure:15152: g++ -c -g -O2  conftest.cpp >&5
configure:15155: $? = 0
configure:15636: checking for g++ option to produce PIC
configure:15644: result: -fPIC -DPIC
configure:15652: checking if g++ PIC flag -fPIC -DPIC works
configure:15671: g++ -c -g -O2  -fPIC -DPIC -DPIC conftest.cpp >&5
configure:15675: $? = 0
configure:15688: result: yes
configure:15711: checking if g++ static flag -static works
configure:15740: result: yes
configure:15752: checking if g++ supports -c -o file.o
configure:15774: g++ -c -g -O2  -o out/conftest2.o conftest.cpp >&5
configure:15778: $? = 0
configure:15800: result: yes
configure:15805: checking if g++ supports -c -o file.o
configure:15853: result: yes
configure:15883: checking whether the g++ linker (/usr/bin/ld) supports shared libraries
configure:15926: result: yes
configure:16068: checking dynamic linker characteristics
configure:16828: result: GNU/Linux ld.so
configure:16893: checking how to hardcode library paths into programs
configure:16918: result: immediate
configure:17027: checking for windres
configure:17062: result: no
configure:17177: checking whether make supports nested variables
configure:17195: result: yes
configure:17212: checking if gcc supports -std=gnu11
configure:17225: gcc -c -std=gnu11  conftest.c >&5
configure:17225: $? = 0
configure:17227: result: yes
configure:17277: checking operating system
configure:17312: result: Linux
configure:17369: checking for nfds_t
configure:17369: gcc -c -g -O2  conftest.c >&5
configure:17369: $? = 0
configure:17369: gcc -c -g -O2  conftest.c >&5
conftest.c: In function 'main':
conftest.c:32:21: error: expected expression before ')' token
   32 | if (sizeof ((nfds_t)))
      |                     ^
configure:17369: $? = 1
configure: failed program was:
| /* confdefs.h */
| #define PACKAGE_NAME "libusb-1.0"
| #define PACKAGE_TARNAME "libusb-1.0"
| #define PACKAGE_VERSION "1.0.27"
| #define PACKAGE_STRING "libusb-1.0 1.0.27"
| #define PACKAGE_BUGREPORT "libusb-devel@lists.sourceforge.net"
| #define PACKAGE_URL "https://libusb.info"
| #define PACKAGE "libusb-1.0"
| #define VERSION "1.0.27"
| #define HAVE_STDIO_H 1
| #define HAVE_STDLIB_H 1
| #define HAVE_STRING_H 1
| #define HAVE_INTTYPES_H 1
| #define HAVE_STDINT_H 1
| #define HAVE_STRINGS_H 1
| #define HAVE_SYS_STAT_H 1
| #define HAVE_SYS_TYPES_H 1
| #define HAVE_UNISTD_H 1
| #define STDC_HEADERS 1
| #define HAVE_DLFCN_H 1
| #define LT_OBJDIR ".libs/"
| #define _GNU_SOURCE 1
| #define DEFAULT_VISIBILITY __attribute__ ((visibility ("default")))
| #define PRINTF_FORMAT(a, b) __attribute__ ((__format__ (__printf__, a, b)))
| #define PLATFORM_POSIX 1
| /* end confdefs.h.  */
| #include <poll.h>
| 
| int
| main (void)
| {
| if (sizeof ((nfds_t)))
| 	    return 0;
|   ;
|   return 0;
| }
configure:17369: result: yes
configure:17382: checking for pipe2
configure:17382: gcc -o conftest -g -O2   conftest.c  >&5
configure:17382: $? = 0
configure:17382: result: yes
configure:17392: checking if gcc recognizes -pthread
configure:17405: gcc -c -Wall -Werror -pthread  conftest.c >&5
configure:17405: $? = 0
configure:17407: result: yes
configure:17417: checking for library containing pthread_create
configure:17447: gcc -o conftest -g -O2   conftest.c  >&5
configure:17447: $? = 0
configure:17467: result: none required
configure:17477: checking whether __atomic_load_n is supported
configure:17491: gcc -o conftest -g -O2   conftest.c  >&5
configure:17491: $? = 0
configure:17499: result: yes
configure:17592: checking for library containing clock_gettime
configure:17622: gcc -o conftest -g -O2   conftest.c  >&5
configure:17622: $? = 0
configure:17642: result: none required
configure:17651: checking for pthread_setname_np
configure:17651: gcc -o conftest -g -O2   conftest.c  >&5
configure:17651: $? = 0
configure:17651: result: yes
configure:17667: checking for libudev.h
configure:17667: gcc -c -g -O2  conftest.c >&5
configure:17667: $? = 0
configure:17667: result: yes
configure:17675: checking for udev_new in -ludev
configure:17698: gcc -o conftest -g -O2   conftest.c -ludev   >&5
configure:17698: $? = 0
configure:17708: result: yes
configure:17778: checking for sys/time.h
configure:17778: gcc -c -g -O2  conftest.c >&5
configure:17778: $? = 0
configure:17778: result: yes
configure:17790: checking for clock_gettime
configure:17790: gcc -o conftest -g -O2   conftest.c -ludev  >&5
configure:17790: $? = 0
configure:17790: result: yes
configure:17802: checking for gcc options needed to detect all undeclared functions
configure:17824: gcc -c -g -O2   conftest.c >&5
conftest.c: In function 'main':
conftest.c:37:8: error: 'strchr' undeclared (first use in this function)
   37 | (void) strchr;
      |        ^~~~~~
conftest.c:1:1: note: 'strchr' is defined in header '<string.h>'; did you forget to '#include <string.h>'?
    1 | /* confdefs.h */
conftest.c:37:8: note: each undeclared identifier is reported only once for each function it appears in
   37 | (void) strchr;
      |        ^~~~~~
configure:17824: $? = 1
configure: failed program was:
| /* confdefs.h */
| #define PACKAGE_NAME "libusb-1.0"
| #define PACKAGE_TARNAME "libusb-1.0"
| #define PACKAGE_VERSION "1.0.27"
| #define PACKAGE_STRING "libusb-1.0 1.0.27"
| #define PACKAGE_BUGREPORT "libusb-devel@lists.sourceforge.net"
| #define PACKAGE_URL "https://libusb.info"
| #define PACKAGE "libusb-1.0"
| #define VERSION "1.0.27"
| #define HAVE_STDIO_H 1
| #define HAVE_STDLIB_H 1
| #define HAVE_STRING_H 1
| #define HAVE_INTTYPES_H 1
| #define HAVE_STDINT_H 1
| #define HAVE_STRINGS_H 1
| #define HAVE_SYS_STAT_H 1
| #define HAVE_SYS_TYPES_H 1
| #define HAVE_UNISTD_H 1
| #define STDC_HEADERS 1
| #define HAVE_DLFCN_H 1
| #define LT_OBJDIR ".libs/"
| #define _GNU_SOURCE 1
| #define DEFAULT_VISIBILITY __attribute__ ((visibility ("default")))
| #define PRINTF_FORMAT(a, b) __attribute__ ((__format__ (__printf__, a, b)))
| #define PLATFORM_POSIX 1
| #define HAVE_NFDS_T 1
| #define HAVE_PIPE2 1
| #define HAVE_PTHREAD_SETNAME_NP 1
| #define HAVE_LIBUDEV 1
| #define HAVE_SYS_TIME_H 1
| #define HAVE_CLOCK_GETTIME 1
| /* end confdefs.h.  */
| 
| int
| main (void)
| {
| (void) strchr;
|   ;
|   return 0;
| }
configure:17851: gcc -c -g -O2   conftest.c >&5
configure:17851: $? = 0
configure:17868: result: none needed
configure:17882: checking whether CLOCK_MONOTONIC is declared
configure:17882: gcc -c -g -O2   conftest.c >&5
configure:17882: $? = 0
configure:17882: result: yes
configure:17893: checking for pthread_condattr_setclock
configure:17893: gcc -o conftest -g -O2   conftest.c -ludev  >&5
configure:17893: $? = 0
configure:17893: result: yes
configure:17926: checking for sys/eventfd.h
configure:17926: gcc -c -g -O2  conftest.c >&5
configure:17926: $? = 0
configure:17926: result: yes
configure:17935: checking whether EFD_NONBLOCK is declared
configure:17935: gcc -c -g -O2   conftest.c >&5
configure:17935: $? = 0
configure:17935: result: yes
configure:17950: checking whether EFD_CLOEXEC is declared
configure:17950: gcc -c -g -O2   conftest.c >&5
configure:17950: $? = 0
configure:17950: result: yes
configure:17967: checking for eventfd
configure:17967: gcc -o conftest -g -O2   conftest.c -ludev  >&5
configure:17967: $? = 0
configure:17967: result: yes
configure:17989: checking whether to use eventfd for signalling
configure:18004: result: yes
configure:18019: checking for sys/timerfd.h
configure:18019: gcc -c -g -O2  conftest.c >&5
configure:18019: $? = 0
configure:18019: result: yes
configure:18028: checking whether TFD_NONBLOCK is declared
configure:18028: gcc -c -g -O2   conftest.c >&5
configure:18028: $? = 0
configure:18028: result: yes
configure:18043: checking whether TFD_CLOEXEC is declared
configure:18043: gcc -c -g -O2   conftest.c >&5
configure:18043: $? = 0
configure:18043: result: yes
configure:18060: checking for timerfd_create
configure:18060: gcc -o conftest -g -O2   conftest.c -ludev  >&5
configure:18060: $? = 0
configure:18060: result: yes
configure:18082: checking whether to use timerfd for timing
configure:18097: result: yes
configure:18496: checking that generated files are newer than configure
configure:18502: result: done
configure:18593: creating ./config.status

## ---------------- ##
## Cache variables. ##
## ---------------- ##

ac_cv_build=x86_64-pc-linux-gnu
ac_cv_c_compiler_gnu=yes
ac_cv_c_inline=inline
ac_cv_c_undeclared_builtin_options='none needed'
ac_cv_cxx_compiler_gnu=yes
ac_cv_env_CCC_set=
ac_cv_env_CCC_value=
ac_cv_env_CC_set=
ac_cv_env_CC_value=
ac_cv_env_CFLAGS_set=
ac_cv_env_CFLAGS_value=
ac_cv_env_CPPFLAGS_set=
ac_cv_env_CPPFLAGS_value=
ac_cv_env_CXXCPP_set=
ac_cv_env_CXXCPP_value=
ac_cv_env_CXXFLAGS_set=
ac_cv_env_CXXFLAGS_value=
ac_cv_env_CXX_set=
ac_cv_env_CXX_value=
ac_cv_env_LDFLAGS_set=
ac_cv_env_LDFLAGS_value=
ac_cv_env_LIBS_set=
ac_cv_env_LIBS_value=
ac_cv_env_LT_SYS_LIBRARY_PATH_set=
ac_cv_env_LT_SYS_LIBRARY_PATH_value=
ac_cv_env_build_alias_set=set
ac_cv_env_build_alias_value=x86_64-linux
ac_cv_env_host_alias_set=
ac_cv_env_host_alias_value=
ac_cv_env_target_alias_set=
ac_cv_env_target_alias_value=
ac_cv_func_clock_gettime=yes
ac_cv_func_eventfd=yes
ac_cv_func_pipe2=yes
ac_cv_func_pthread_condattr_setclock=yes
ac_cv_func_pthread_setname_np=yes
ac_cv_func_timerfd_create=yes
ac_cv_have_decl_CLOCK_MONOTONIC=yes
ac_cv_have_decl_EFD_CLOEXEC=yes
ac_cv_have_decl_EFD_NONBLOCK=yes
ac_cv_have_decl_TFD_CLOEXEC=yes
ac_cv_have_decl_TFD_NONBLOCK=yes
ac_cv_header_dlfcn_h=yes
ac_cv_header_inttypes_h=yes
ac_cv_header_libudev_h=yes
ac_cv_header_stdint_h=yes
ac_cv_header_stdio_h=yes
ac_cv_header_stdlib_h=yes
ac_cv_header_string_h=yes
ac_cv_header_strings_h=yes
ac_cv_header_sys_eventfd_h=yes
ac_cv_header_sys_stat_h=yes
ac_cv_header_sys_time_h=yes
ac_cv_header_sys_timerfd_h=yes
ac_cv_header_sys_types_h=yes
ac_cv_header_unistd_h=yes
ac_cv_host=x86_64-pc-linux-gnu
ac_cv_lib_udev_udev_new=yes
ac_cv_objext=o
ac_cv_path_EGREP='/usr/bin/grep -E'
ac_cv_path_FGREP='/usr/bin/grep -F'
ac_cv_path_GREP=/usr/bin/grep
ac_cv_path_SED=/usr/bin/sed
ac_cv_path_install='/usr/bin/install -c'
ac_cv_path_lt_DD=/usr/bin/dd
ac_cv_path_mkdir=/usr/bin/mkdir
ac_cv_prog_AWK=mawk
ac_cv_prog_CXXCPP='g++ -E'
ac_cv_prog_ac_ct_AR=ar
ac_cv_prog_ac_ct_CC=gcc
ac_cv_prog_ac_ct_CXX=g++
ac_cv_prog_ac_ct_OBJDUMP=objdump
ac_cv_prog_ac_ct_RANLIB=ranlib
ac_cv_prog_ac_ct_STRIP=strip
ac_cv_prog_cc_c11=
ac_cv_prog_cc_g=yes
ac_cv_prog_cc_stdc=
ac_cv_prog_cxx_11=no
ac_cv_prog_cxx_cxx11=
ac_cv_prog_cxx_g=yes
ac_cv_prog_cxx_stdcxx=
ac_cv_prog_make_make_set=yes
ac_cv_search_clock_gettime='none required'
ac_cv_search_pthread_create='none required'
ac_cv_type_nfds_t=yes
am_cv_CC_dependencies_compiler_type=gcc3
am_cv_CXX_dependencies_compiler_type=gcc3
am_cv_make_support_nested_variables=yes
am_cv_prog_cc_c_o=yes
lt_cv_ar_at_file=@
lt_cv_archive_cmds_need_lc=no
lt_cv_deplibs_check_method=pass_all
lt_cv_file_magic_cmd='$MAGIC_CMD'
lt_cv_file_magic_test_file=
lt_cv_ld_reload_flag=-r
lt_cv_nm_interface='BSD nm'
lt_cv_objdir=.libs
lt_cv_path_LD=/usr/bin/ld
lt_cv_path_LDCXX=/usr/bin/ld
lt_cv_path_NM='/usr/bin/nm -B'
lt_cv_path_mainfest_tool=no
lt_cv_prog_compiler_c_o=yes
lt_cv_prog_compiler_c_o_CXX=yes
lt_cv_prog_compiler_c_o_RC=yes
lt_cv_prog_compiler_pic='-fPIC -DPIC'
lt_cv_prog_compiler_pic_CXX='-fPIC -DPIC'
lt_cv_prog_compiler_pic_works=yes
lt_cv_prog_compiler_pic_works_CXX=yes
lt_cv_prog_compiler_rtti_exceptions=no
lt_cv_prog_compiler_static_works=yes
lt_cv_prog_compiler_static_works_CXX=yes
lt_cv_prog_gnu_ld=yes
lt_cv_prog_gnu_ldcxx=yes
lt_cv_sharedlib_from_linklib_cmd='printf %s\n'
lt_cv_shlibpath_overrides_runpath=yes
lt_cv_sys_global_symbol_pipe='/usr/bin/sed -n -e '\''s/^.*[	 ]\([ABCDGIRSTW][ABCDGIRSTW]*\)[	 ][	 ]*\([_A-Za-z][_A-Za-z0-9]*\)$/\1 \2 \2/p'\'' | /usr/bin/sed '\''/ __gnu_lto/d'\'''
lt_cv_sys_global_symbol_to_c_name_address='/usr/bin/sed -n -e '\''s/^: \(.*\) .*$/  {"\1", (void *) 0},/p'\'' -e '\''s/^[ABCDGIRSTW][ABCDGIRSTW]* .* \(.*\)$/  {"\1", (void *) \&\1},/p'\'''
lt_cv_sys_global_symbol_to_c_name_address_lib_prefix='/usr/bin/sed -n -e '\''s/^: \(.*\) .*$/  {"\1", (void *) 0},/p'\'' -e '\''s/^[ABCDGIRSTW][ABCDGIRSTW]* .* \(lib.*\)$/  {"\1", (void *) \&\1},/p'\'' -e '\''s/^[ABCDGIRSTW][ABCDGIRSTW]* .* \(.*\)$/  {"lib\1", (void *) \&\1},/p'\'''
lt_cv_sys_global_symbol_to_cdecl='/usr/bin/sed -n -e '\''s/^T .* \(.*\)$/extern int \1();/p'\'' -e '\''s/^[ABCDGIRSTW][ABCDGIRSTW]* .* \(.*\)$/extern char \1;/p'\'''
lt_cv_sys_global_symbol_to_import=
lt_cv_sys_max_cmd_len=1572864
lt_cv_to_host_file_cmd=func_convert_file_noop
lt_cv_to_tool_file_cmd=func_convert_file_noop
lt_cv_truncate_bin='/usr/bin/dd bs=4096 count=1'

## ----------------- ##
## Output variables. ##
## ----------------- ##

ACLOCAL='${SHELL} '\''/workspaces/AllianceForwardingDevice_Master/libusb-1.0.27/missing'\'' aclocal-1.16'
AMDEPBACKSLASH='\'
AMDEP_FALSE='#'
AMDEP_TRUE=''
AMTAR='$${TAR-tar}'
AM_BACKSLASH='\'
AM_CFLAGS='-std=gnu11  -Wall -Wextra -Wshadow -Wunused -Wwrite-strings -Werror=format-security -Werror=implicit-function-declaration -Werror=implicit-int -Werror=init-self -Werror=missing-prototypes -Werror=strict-prototypes -Werror=undef -Werror=uninitialized'
AM_CPPFLAGS=''
AM_CXXFLAGS='-std=gnu++11  -Wall -Wextra -Wshadow -Wunused -Wwrite-strings -Werror=format-security -Werror=implicit-function-declaration -Werror=implicit-int -Werror=init-self -Werror=missing-prototypes -Werror=strict-prototypes -Werror=undef -Werror=uninitialized -Wmissing-declarations'
AM_DEFAULT_V='$(AM_DEFAULT_VERBOSITY)'
AM_DEFAULT_VERBOSITY='0'
AM_LDFLAGS=''
AM_V='$(V)'
AR='ar'
AUTOCONF='${SHELL} '\''/workspaces/AllianceForwardingDevice_Master/libusb-1.0.27/missing'\'' autoconf'
AUTOHEADER='${SHELL} '\''/workspaces/AllianceForwardingDevice_Master/libusb-1.0.27/missing'\'' autoheader'
AUTOMAKE='${SHELL} '\''/workspaces/AllianceForwardingDevice_Master/libusb-1.0.27/missing'\'' automake-1.16'
AWK='mawk'
BUILD_EXAMPLES_FALSE=''
BUILD_EXAMPLES_TRUE='#'
BUILD_TESTS_FALSE=''
BUILD_TESTS_TRUE='#'
BUILD_UMOCKDEV_TEST_FALSE=''
BUILD_UMOCKDEV_TEST_TRUE='#'
CC='gcc'
CCDEPMODE='depmode=gcc3'
CFLAGS='-g -O2'
CPPFLAGS=''
CREATE_IMPORT_LIB_FALSE=''
CREATE_IMPORT_LIB_TRUE='#'
CSCOPE='cscope'
CTAGS='ctags'
CXX='g++'
CXXCPP='g++ -E'
CXXDEPMODE='depmode=gcc3'
CXXFLAGS='-g -O2'
CYGPATH_W='echo'
DEFS='-DHAVE_CONFIG_H'
DEPDIR='.deps'
DLLTOOL='false'
DOXYGEN_HTMLDIR='api-1.0'
DSYMUTIL=''
DUMPBIN=''
ECHO_C=''
ECHO_N='-n'
ECHO_T=''
EGREP='/usr/bin/grep -E'
ETAGS='etags'
EXEEXT=''
EXTRA_LDFLAGS=''
FGREP='/usr/bin/grep -F'
FILECMD=':'
GREP='/usr/bin/grep'
INSTALL_DATA='${INSTALL} -m 644'
INSTALL_PROGRAM='${INSTALL}'
INSTALL_SCRIPT='${INSTALL}'
INSTALL_STRIP_PROGRAM='$(install_sh) -c -s'
LD='/usr/bin/ld'
LDFLAGS=''
LIBOBJS=''
LIBS='-ludev '
LIBTOOL='$(SHELL) $(top_builddir)/libtool'
LIPO=''
LN_S='ln -s'
LTLIBOBJS=''
LT_LDFLAGS='-version-info 4:0:4 -no-undefined'
LT_SYS_LIBRARY_PATH=''
MAKEINFO='${SHELL} '\''/workspaces/AllianceForwardingDevice_Master/libusb-1.0.27/missing'\'' makeinfo'
MANIFEST_TOOL=':'
MKDIR_P='/usr/bin/mkdir -p'
NM='/usr/bin/nm -B'
NMEDIT=''
OBJDUMP='objdump'
OBJEXT='o'
OS_DARWIN_FALSE=''
OS_DARWIN_TRUE='#'
OS_EMSCRIPTEN_FALSE=''
OS_EMSCRIPTEN_TRUE='#'
OS_HAIKU_FALSE=''
OS_HAIKU_TRUE='#'
OS_LINUX_FALSE='#'
OS_LINUX_TRUE=''
OS_NETBSD_FALSE=''
OS_NETBSD_TRUE='#'
OS_NULL_FALSE=''
OS_NULL_TRUE='#'
OS_OPENBSD_FALSE=''
OS_OPENBSD_TRUE='#'
OS_SUNOS_FALSE=''
OS_SUNOS_TRUE='#'
OS_WINDOWS_FALSE=''
OS_WINDOWS_TRUE='#'
OTOOL64=''
OTOOL=''
PACKAGE='libusb-1.0'
PACKAGE_BUGREPORT='libusb-devel@lists.sourceforge.net'
PACKAGE_NAME='libusb-1.0'
PACKAGE_STRING='libusb-1.0 1.0.27'
PACKAGE_TARNAME='libusb-1.0'
PACKAGE_URL='https://libusb.info'
PACKAGE_VERSION='1.0.27'
PATH_SEPARATOR=':'
PLATFORM_POSIX_FALSE='#'
PLATFORM_POSIX_TRUE=''
PLATFORM_WINDOWS_FALSE=''
PLATFORM_WINDOWS_TRUE='#'
RANLIB='ranlib'
RC=''
SED='/usr/bin/sed'
SET_MAKE=''
SHELL='/bin/bash'
STRIP='strip'
THREAD_CFLAGS='-pthread'
THREAD_LIBS=''
USE_UDEV_FALSE='#'
USE_UDEV_TRUE=''
VERSION='1.0.27'
ac_ct_AR='ar'
ac_ct_CC='gcc'
ac_ct_CXX='g++'
ac_ct_DUMPBIN=''
am__EXEEXT_FALSE=''
am__EXEEXT_TRUE='#'
am__fastdepCC_FALSE='#'
am__fastdepCC_TRUE=''
am__fastdepCXX_FALSE='#'
am__fastdepCXX_TRUE=''
am__include='include'
am__isrc=''
am__leading_dot='.'
am__nodep='_no'
am__quote=''
am__tar='$${TAR-tar} chof - "$$tardir"'
am__untar='$${TAR-tar} xf -'
bindir='${exec_prefix}/bin'
build='x86_64-pc-linux-gnu'
build_alias='x86_64-linux'
build_cpu='x86_64'
build_os='linux-gnu'
build_vendor='pc'
datadir='${datarootdir}'
datarootdir='${prefix}/share'
docdir='${datarootdir}/doc/${PACKAGE_TARNAME}'
dvidir='${docdir}'
exec_prefix='${prefix}'
host='x86_64-pc-linux-gnu'
host_alias=''
host_cpu='x86_64'
host_os='linux-gnu'
host_vendor='pc'
htmldir='${docdir}'
includedir='${prefix}/include'
infodir='${datarootdir}/info'
install_sh='${SHELL} /workspaces/AllianceForwardingDevice_Master/libusb-1.0.27/install-sh'
libdir='${exec_prefix}/lib'
libexecdir='${exec_prefix}/libexec'
localedir='${datarootdir}/locale'
localstatedir='${prefix}/var'
mandir='${datarootdir}/man'
mkdir_p='$(MKDIR_P)'
oldincludedir='/usr/include'
pdfdir='${docdir}'
prefix='/usr/local'
program_transform_name='s,x,x,'
psdir='${docdir}'
runstatedir='${localstatedir}/run'
sbindir='${exec_prefix}/sbin'
sharedstatedir='${prefix}/com'
sysconfdir='${prefix}/etc'
target_alias=''

## ----------- ##
## confdefs.h. ##
## ----------- ##

/* confdefs.h */
#define PACKAGE_NAME "libusb-1.0"
#define PACKAGE_TARNAME "libusb-1.0"
#define PACKAGE_VERSION "1.0.27"
#define PACKAGE_STRING "libusb-1.0 1.0.27"
#define PACKAGE_BUGREPORT "libusb-devel@lists.sourceforge.net"
#define PACKAGE_URL "https://libusb.info"
#define PACKAGE "libusb-1.0"
#define VERSION "1.0.27"
#define HAVE_STDIO_H 1
#define HAVE_STDLIB_H 1
#define HAVE_STRING_H 1
#define HAVE_INTTYPES_H 1
#define HAVE_STDINT_H 1
#define HAVE_STRINGS_H 1
#define HAVE_SYS_STAT_H 1
#define HAVE_SYS_TYPES_H 1
#define HAVE_UNISTD_H 1
#define STDC_HEADERS 1
#define HAVE_DLFCN_H 1
#define LT_OBJDIR ".libs/"
#define _GNU_SOURCE 1
#define DEFAULT_VISIBILITY __attribute__ ((visibility ("default")))
#define PRINTF_FORMAT(a, b) __attribute__ ((__format__ (__printf__, a, b)))
#define PLATFORM_POSIX 1
#define HAVE_NFDS_T 1
#define HAVE_PIPE2 1
#define HAVE_PTHREAD_SETNAME_NP 1
#define HAVE_LIBUDEV 1
#define HAVE_SYS_TIME_H 1
#define HAVE_CLOCK_GETTIME 1
#define HAVE_PTHREAD_CONDATTR_SETCLOCK 1
#define HAVE_DECL_EFD_NONBLOCK 1
#define HAVE_DECL_EFD_CLOEXEC 1
#define HAVE_EVENTFD 1
#define HAVE_DECL_TFD_NONBLOCK 1
#define HAVE_DECL_TFD_CLOEXEC 1
#define HAVE_TIMERFD 1
#define ENABLE_LOGGING 1

configure: exit 0

## ---------------------- ##
## Running config.status. ##
## ---------------------- ##

This file was extended by libusb-1.0 config.status 1.0.27, which was
generated by GNU Autoconf 2.71.  Invocation command line was

  CONFIG_FILES    = 
  CONFIG_HEADERS  = 
  CONFIG_LINKS    = 
  CONFIG_COMMANDS = 
  $ ./config.status 

on alray-RedmiBook-Pro-14S

config.status:1265: creating libusb-1.0.pc
config.status:1265: creating Makefile
config.status:1265: creating libusb/Makefile
config.status:1265: creating examples/Makefile
config.status:1265: creating tests/Makefile
config.status:1265: creating doc/Makefile
config.status:1265: creating doc/doxygen.cfg
config.status:1265: creating config.h
config.status:1446: config.h is unchanged
config.status:1494: executing depfiles commands
config.status:1571: cd libusb       && sed -e '/# am--include-marker/d' Makefile         | make -f - am--depfiles
make[1]: Entering directory '/workspaces/AllianceForwardingDevice_Master/libusb-1.0.27/libusb'
make[1]: Nothing to be done for 'am--depfiles'.
make[1]: Leaving directory '/workspaces/AllianceForwardingDevice_Master/libusb-1.0.27/libusb'
config.status:1576: $? = 0
config.status:1571: cd examples       && sed -e '/# am--include-marker/d' Makefile         | make -f - am--depfiles
make[1]: Entering directory '/workspaces/AllianceForwardingDevice_Master/libusb-1.0.27/examples'
make[1]: Nothing to be done for 'am--depfiles'.
make[1]: Leaving directory '/workspaces/AllianceForwardingDevice_Master/libusb-1.0.27/examples'
config.status:1576: $? = 0
config.status:1571: cd tests       && sed -e '/# am--include-marker/d' Makefile         | make -f - am--depfiles
make[1]: Entering directory '/workspaces/AllianceForwardingDevice_Master/libusb-1.0.27/tests'
make[1]: Nothing to be done for 'am--depfiles'.
make[1]: Leaving directory '/workspaces/AllianceForwardingDevice_Master/libusb-1.0.27/tests'
config.status:1576: $? = 0
config.status:1494: executing libtool commands

## ---------------------- ##
## Running config.status. ##
## ---------------------- ##

This file was extended by libusb-1.0 config.status 1.0.27, which was
generated by GNU Autoconf 2.71.  Invocation command line was

  CONFIG_FILES    = 
  CONFIG_HEADERS  = 
  CONFIG_LINKS    = 
  CONFIG_COMMANDS = 
  $ ./config.status config.h

on alray-RedmiBook-Pro-14S

config.status:1265: creating config.h
